[  00000] itialinggroup bss cpet
[   00000Inialinggrousuys c
   0000] Itilizg roupubs cpcc
[   .0000]in veron.4.08-neric uidd@l011) (c ersi 54.0 20069 (Unt 5.4-6buntu16.4.4) #9-UbtuMP T Ar 275:9:09TC2017Ubntu 4.-78.-geric.42)
  .00000Commd ne: OTMAGEbot/vmnu-4.4-7-genec oot=BE=cloim-roos o cool=tty csoe=tt0[   .0000] KNE suprt cpu
   0.000   IelenuiInl
[  0000] AMD thntcAMD[   0.000]  enur Cenurauls[   0000] -------[cut er]---------
  0.0000WARNG:PU: PI 0 a/bld/luxXAgclix-4.0/arh/86/kne/fpuste.c:7 u__inisytem_tae+0x380x5a()[   0000] AVconstenc pblm, dmpg eave
[  0.00] Molelink i:
  .0000]PU: PI 0 Cm:wapp N taied.4.08-neri#9-Uuntu[   0.00]  0000000006 7f8a3f8f27e ffff81030 fffff818dd3[   0.00]  ffff81e038 fffff8a9c5ffffffe0b8 ffff81030
[    00000]ffffffe048 ffff81ee40000000000000000000000
  0.0000 Cll Tce
[  00000  ffffff3f8d>]ump_ac0x63x9
[    0000] <fffff10302>wa_sloatcomm+02/0x0
[  0.0000 [<ffff81039] wa_swpatfm0x5cx8
[    0.0000 [<fffff81cf>] ?feure_zex59/77
[  0.0000 [fffff8f6d28>fp__in_sstemxstae+0xb/x75a[   .0000][<fffff85d12] earlid_hanerarra0x20/020
[  0000] [<fffff81fb8>] f__nit_stm+0xd/x245
   0.000  [<fffff86d8c>]ary_cpint+0x9/x13e[   .00000 [ffffff1f6dc> ? elycpu_it0x130x3e
  0.0000  <fffff81f693] sep_ch+04/cf1    0000] <fffff1f5d0> ? elyidt_aner_ara0x20/020
[  0000] [<fffff81fc7>] sarkern+0e4/0a2
[  0.0000  <fffff81f520 ? elyidt_aner_aay0x12/020
  0.000][<fffff81f33>] x_6_sta_rervatinsx2a/2c
[  .0000] [<ffffffff5d4>]86_6stt_keelx14ax1d
[  0000] -- endra 4d59f68c43 --
  0.0000 CID[0 0: ea000007bx000040cx=00040 e=00000
[  0.000] CPIDd,01 e=00000ebx=003c0 x=0000 e=00000
[    00000]PUD[0d02: ea000010eb=00024ecx=0000 edx00000   0.0000] CPU[0 03] e=00000 e=00000 ecx000000 ex=000000
  0.00000]CPID0d, ]:ax=0000 eb000000cx000000edx=0000
  .0000]PUIDd,5]: x=000000eb000000cx=0000 ed000000
  0.0000 CUID[, 6]: eax=00000 x=000000cx000000dx=0000
[  .00000CPD[0d07 eax00000 x=0000 e=000000 dx=0000
[  0000] UID[, ]: e=00000eb=0000000cx000000edx=00000    .000] CPD[d, 0: ax=00000 ebx00000 ec000000ed0000000[   .0000]PU[0d,a]eax=00000 x=00000 cx=00000 e=00000
    .000] CPD[d, 0: ax=00000ebx=00000 x=000000dx000000
[  0.00000]PUD[0d 0: ea000000bx00000 x=00000 ed000000
[  0.00] CPD[, 0d e=00000ebx=00000 x=00000 dx=00000
   00000] PUID[0d,e] eax000000bx000000cx=0000 ed000000[   0.00] CPUI0d 0f]ea=00000 ebx00000 x=0000 e=00000
[  0.0000 CUID[d,0]: ea0000000 x=0000 e=00000 edx000000[   .0000]PU[0d,1]eax=00000 x=00000 cx=00000 e=00000
    00000]86fpu:stte_offse[2  57 xtatsis[2] 26
[  0.00000]86fpu:Suorti XVE ftue 0x: x87 oaing oi regtes'
  0.0000x86/puSupporngXSAVfeture0x02'SSEegters
[   0.000] 86pu Suprtng XAVfeturex0: 'A rgists'
[  .00000x8/fpu Ebld xstefeates0x7,onxt se s 10 btes,usin 'stda' foat
[  00000 x/fpuUsng 'zy FPU ctet swchs.
  0.000]820: BS-prid phycaRAM p:
[  0.0000 BOS-e0:mem 00000000000-00000009ff] ab
[  00000 BS-e8: mem x0000000fc00x00000009ff] rered
  0.0000 BS-e8: em 0000000f00-0x000000fff] rered
  0.0000 BIOe80: [emx000000000000x00003fffffusbl
[  00000 BOS-e0:[memx000003ff0000x000003ffff] CPI ta
[  0.0000 BOS-e0:[memx00000ffc000-0000000ffff] seved    0.000] N(Eecute Dableprtectn:actie[   .00000SMIOS .5 pesnt.[   0.000] HerisoretctedKV
[  00000] 820:as_pfn =x3ff0 x_rch_n 0x400000
[  00000] TRR:Dibled
[  0.000 x86AT: TRRs dabed, iping T nitiiztionto
[  0.000000] x86/PAT Conguatio[07] W WT C-UC  WB  WT  UC- UC  
[    0.00000CPU MTs ll bnk- vituized syem
[    0.000000] ou SMPP-abe  [mem x09ff0x009ff] appeat[fff880009f0
[  0.0000] aning aras f lw merycorrtin
[  .0000]RAMDK:[memx3ac40-03755ff
[  00000] CPI:ary tae ecks vrifitin dibl
[  00000 API: DP0x0000000E000 004 (v VOX  
[   00000ACI: XT x000000003FF030 00 (v0VBX   OXSDT 00001 L 000061)
[    0.000000] ACPI: FACP 0x000000003FFF00F0 0000F4 (v04 VBOX   VBOXFACP 00000001 ASL  00000061)
[    0.000000] ACPI: DSDT 0x000000003FFF0470 002118 01 VX  VXBOS 00002 IL 01008)
[  .00000ACI: FS 000000FFF00 0040[   0.0000 ACP FS 0x00003F020 0040
[  00000]CPI: APIC 0x000000003FFF0240 0005C v0 VBX VBOXAP 000001 SL 00006)
[    0.000000] ACPISST 0x000003F0A0 01C (v0VB   VXCT 000002INTL010528
[   00000]  NMA cfiuratn und   0.000] Fanga no a [me0x0000000000-0000000ffeff]
[  .000] ODE_AT0) allat [me0xfeb0-0ffeff]
[  0.0000 k-clo: sing ms 4b5601and 56d00   0.000] kvclck: u , ms 0ffe31,rima c clo
   00000] m-lockusng sedoffs o 3085657 cle
[  00000] lockure: kvmlok: mk:0xffffffffff maxyces: 1c42e4fbmax_les: 815905983 n
[  0.00] Zo rges:    0000] DM    me0x0000000000x000000ffff]
[   00000  A32  [m 0x00000100-0x000003fefff]
[   .0000]  orl   pt
    00000]  vice epty
[  .00000 Movlezonetat foeah no
    00000]ary merynodeanes
  0.0000]  ne  0: em0x0000000000-0x0000000ef]
[   00000] no   0[m 0x0000001000x00003ffeff
    00000]niem set nde 0me0x00000000010-000000feff][   .00000ACI: PTier IO rt 0x48[  00000 IPIC[: ic_i2,ersi 1 addssxfec00 GSI-2
[   .0000]CP INT_S_OR (b 0us_i 0lobair 2 dl l)
  0.0000] CPI: INT_SRC_OVR (bus 0 bus_irq 9 gob_irq 9hi lev)
[  .00000]Usin AI (MAD fr SMcoigurio infrmtin
[  00000] smoot:lling CP, 0 otugCPUs[   0000] : gistedosavmeory:me 0x00000-000fff][   0.000] P Rgistednosa mory:me0x009f00-0x09fff][  0.000] PMReisted osavmeory: [emx00000-000ffff
[   00000] : egisrenosae moy: [m x00000-0x0fff]
   0.00000e8: [m 000000-fffbffavaiblfor CIevces   0.000] Booti praviuazed rnl onKV
[   00000] losourcereinedifies: mk:xffffff ax_cle 0xffff, m_ie_ns7651962168 n
[  0.0000setup_rc: NRPU512 _cmaskit512 _c_ids2 _nde_i:1
[  0.0000] RCU:Emddd 33ags/cp@fff8800c000 s26r819 d71 u1057
[   .0000] P qinochah ablentes: 6 orde:  409bys)
  0.0000 Bilt zoelis iNoderd, mobitygrouing .  Talages: 793
[  0000] licyon: MA32[   0.000] Kne comndlineBOT_IME=bootmlnuz-4.-78-neic rt=ABELlodimgoofs r conole=y1onso=tyS0
[  .0000]ID hh ble trs: 46 rder3,2768byes
[  00000] emor: 0174/14812K ailae 469Kerel ce,1294K data 398 rdata14K int,31K bs 4380Kesved,K ma-rerd)
  .0000]LUB:Wagn=6 Oer=0, nObjts, CP=2Node1[    00000] errchil CU impmetati.
[  0000] uildim adjtmnt olef fautto 6
    00000]RC resicing UsfromR_PUS=2 o nrpuids=
    00000] R: djusnggeomryfor u_anou_lf=64, _cu_id=2
[  0.0000 N_IRQ3324 n_is:44 1
[   00000 Conle colr GA+ x2
[  00000] onsoe [ty1 enale
[   00000] nsle [yS0] abed
   0000000] tsc: Detected 2591.996 MHz processor
[   52.375247] Calibrating delay loop (skipped) preset value.. 5183.99 BogoMIPS (lpj=10367984)
[   52.622347] pid_max: default: 32768 minimum: 301
[   52.757671] ACPI: Core revision 20150930
[   52.873900] ACPI: 2 ACPI AML tables successfully acquired and loaded
[   53.071547] Security Framework initialized
[   53.196491] Yama: becoming mindful.
[   53.294537] AppArmor: AppArmor initialized
[   53.429830] Dentry cache hash table entries: 131072 (order: 8, 1048576 bytes)
[   53.659186] Inode-cache hash table entries: 65536 (order: 7, 524288 bytes)
[   53.839684] Mount-cache hash table entries: 2048 (order: 2, 16384 bytes)
[   54.038180] Mountpoint-cache hash table entries: 2048 (order: 2, 16384 bytes)
[   54.263662] Initializing cgroup subsys io
[   54.385782] Initializing cgroup subsys memory
[   54.511738] Initializing cgroup subsys devices
[   54.661549] Initializing cgroup subsys freezer
[   54.805949] Initializing cgroup subsys net_cls
[   54.936285] Initializing cgroup subsys perf_event
[   55.095760] Initializing cgroup subsys net_prio
[   55.233031] Initializing cgroup subsys hugetlb
[   55.333320] Initializing cgroup subsys pids
[   55.458443] CPU: Physical Processor ID: 0
[   55.579527] CPU: Processor Core ID: 0
[   55.692406] mce: CPU supports 0 MCE banks
[   55.807647] Last level iTLB entries: 4KB 64, 2MB 8, 4MB 8
[   55.974162] Last level dTLB entries: 4KB 64, 2MB 0, 4MB 0, 1GB 4
[   56.168037] Freeing SMP alternatives memory: 32K (ffffffff820b8000 - ffffffff820c0000)
[   56.431813] ftrace: allocating 32120 entries in 126 pages
[   56.633377] smpboot: APIC(0) Converting physical 0 to logical package 0
[   56.855896] smpboot: Max logical packages: 1
[   56.987283] ..TIMER: vector=0x30 apic1=0 pin1=2 apic2=-1 pin2=-1
[   57.271790] smpboot: CPU0: Intel(R) Core(TM) i7-6700HQ CPU @ 2.60GHz (family: 0x6, model: 0x5e, stepping: 0x3)
[   57.563854] Performance Events: unsupported p6 CPU model 94 no PMU driver, software events only.
[   57.818239] KVM setup paravirtual spinlock
[   57.958932] x86: Booting SMP configuration:
[   58.099551] .... node  #0, CPUs:      #1
[   58.226567] kvm-clock: cpu 1, msr 0:3ffe3041, secondary cpu clock
[   58.338093] mce: CPU supports 0 MCE banks
[   58.423863] x86: Booted up 1 node, 2 CPUs
[   58.436569] smpboot: Total of 2 processors activated (10367.98 BogoMIPS)
[   58.438197] devtmpfs: initialized
[   58.440074] evm: security.selinux
[   58.476066] evm: security.SMACK64
[   58.574165] evm: security.SMACK64EXEC
[   58.680037] evm: security.SMACK64TRANSMUTE
[   58.827542] evm: security.SMACK64MMAP
[   58.951933] evm: security.ima
[   59.043653] evm: security.capability
[   59.164795] clocksource: jiffies: mask: 0xffffffff max_cycles: 0xffffffff, max_idle_ns: 7645041785100000 ns
[   59.456644] futex hash table entries: 512 (order: 3, 32768 bytes)
[   59.633004] pinctrl core: initialized pinctrl subsystem
[   59.802392] RTC time:  9:11:51, date: 05/25/17
[   59.911969] NET: Registered protocol family 16
[   60.072522] cpuidle: using governor ladder
[   60.224821] cpuidle: using governor menu
[   60.321408] PCCT header not found.
[   60.404787] ACPI: bus type PCI registered
[   60.517210] acpiphp: ACPI Hot Plug PCI Controller Driver version: 0.5
[   60.681153] PCI: Using configuration type 1 for base access
[   60.701735] ACPI: Added _OSI(Module Device)
[   60.838959] ACPI: Added _OSI(Processor Device)
[   60.998529] ACPI: Added _OSI(3.0 _SCP Extensions)
[   61.155745] ACPI: Added _OSI(Processor Aggregator Device)
[   61.343301] ACPI: Executed 1 blocks of module-level executable AML code
[   61.554868] ACPI: Interpreter enabled
[   61.656479] ACPI: (supports S0 S5)
[   61.747745] ACPI: Using IOAPIC for interrupt routing
[   61.898652] PCI: Using host bridge windows from ACPI; if necessary, use "pci=nocrs" and report a bug
[   62.204058] ACPI: PCI Root Bridge [PCI0] (domain 0000 [bus 00-ff])
[   62.365751] acpi PNP0A03:00: _OSC: OS supports [ASPM ClockPM Segments MSI]
[   62.603140] acpi PNP0A03:00: _OSC failed (AE_NOT_FOUND); disabling ASPM
[   62.746346] acpi PNP0A03:00: fail to add MMCONFIG information, can't access extended PCI configuration space under this bridge.
[   62.877592] PCI host bridge to bus 0000:00
[   63.000772] pci_bus 0000:00: root bus resource [io  0x0000-0x0cf7 window]
[   63.227958] pci_bus 0000:00: root bus resource [io  0x0d00-0xffff window]
[   63.442635] pci_bus 0000:00: root bus resource [mem 0x000a0000-0x000bffff window]
[   63.681000] pci_bus 0000:00: root bus resource [mem 0x40000000-0xffdfffff window]
[   63.892875] pci_bus 0000:00: root bus resource [bus 00-ff]
[   64.025920] pci 0000:00:01.1: legacy IDE quirk: reg 0x10: [io  0x01f0-0x01f7]
[   64.229217] pci 0000:00:01.1: legacy IDE quirk: reg 0x14: [io  0x03f6]
[   64.393115] pci 0000:00:01.1: legacy IDE quirk: reg 0x18: [io  0x0170-0x0177]
[   64.422432] pci 0000:00:01.1: legacy IDE quirk: reg 0x1c: [io  0x0376]
[   64.442799] ACPI: PCI Interrupt Link [LNKA] (IRQs 5 9 10 11) *0, disabled.
[   64.610765] ACPI: PCI Interrupt Link [LNKB] (IRQs 5 9 10 *11)
[   64.784728] ACPI: PCI Interrupt Link [LNKC] (IRQs 5 9 *10 11)
[   64.954727] ACPI: PCI Interrupt Link [LNKD] (IRQs 5 *9 10 11)
[   65.090740] ACPI: Enabled 2 GPEs in block 00 to 07
[   65.213922] vgaarb: setting as boot device: PCI:0000:00:02.0
[   65.389128] vgaarb: device added: PCI:0000:00:02.0,decodes=io+mem,owns=io+mem,locks=none
[   65.390536] vgaarb: loaded
[   65.459583] vgaarb: bridge control possible 0000:00:02.0
[   65.596321] SCSI subsystem initialized
[   65.717507] ACPI: bus type USB registered
[   65.723181] usbcore: registered new interface driver usbfs
[   65.724336] usbcore: registered new interface driver hub
[   65.746285] usbcore: registered new device driver usb
[   65.747616] PCI: Using ACPI for IRQ routing
[   65.749674] NetLabel: Initializing
[   65.750363] NetLabel:  domain hash size = 128
[   65.861892] NetLabel:  protocols = UNLABELED CIPSOv4
[   66.033334] NetLabel:  unlabeled traffic allowed by default
[   66.203360] amd_nb: Cannot enumerate AMD northbridges
[   66.364796] clocksource: Switched to clocksource kvm-clock
[   .588 AArr:pprmorilysm abd  7.675]npPnAC it  7.07] np: nP AI:ou 3eves
[   68.193151] clocksource: acpi_pm: mask: 0xffffff max_cycles: 0xffffff, max_idle_ns: 2085701024 ns
[   68.436819] NET: Registered protocol family 2
[   68.534411] TCP established hash table entries: 8192 (order: 4, 65536 bytes)
[   68.752393] TCP bind hash table entries: 8192 (order: 5, 131072 bytes)
[   68.961088] TCP: Hash tables configured (established 8192 bind 8192)
[   69.185588] UDP hash table entries: 512 (order: 2, 16384 bytes)
[   69.380112] UDP-Lite hash table entries: 512 (order: 2, 16384 bytes)
[   69.584376] NET: Registered protocol family 1
[   69.655455] pci 0000:00:00.0: Limiting direct PCI/PCI transfers
[   69.835195] pci 0000:00:01.0: Activating ISA DMA hang workarounds
[   70.014397] Unpacking initramfs...
[   71.770640] Freeing initrd memory: 10840K (ffff880036ac4000 - ffff88003755a000)
[   71.966305] platform rtc_cmos: registered platform RTC device (no PNP device found)
[   72.216166] Scanning for low memory corruption every 60 seconds
[   72.381258] audit: initializing netlink subsys (disabled)
[   72.525703] audit: type=2000 audit(1495703463.423:1): initialized
[   72.705365] Initialise system trusted keyring
[   72.837941] HugeTLB registered 2 MB page size, pre-allocated 0 pages
[   .021 t: fid C ocoue liatn:5925MH

[   73.8783clksrc: c:as 0ffffffffmacyes0x59210emaidle_n 479220 
ÿ[  3.10] udloed
[   73.881281] VFS: Disk quotas dquot_6.6.0
[   73.881307] VFS: Dquot-cache hash table entries: 512 (order 0, 4096 bytes)
[   73.881495] squashfs: version 4.0 (2009/01/31) Phillip Lougher
[   73.881666] fuse init (API version 7.23)
[   73.881809] Key type big_key registered
[   73.881819] Allocating IMA MOK and blacklist keyrings.
[   73.881960] Key type asymmetric registered
[   73.881962] Asymmetric key parser 'x509' registered
[   73.881987] Block layer SCSI generic (bsg) driver version 0.4 loaded (major 249)
[   73.882019] io scheduler noop registered
[   73.882021] io scheduler deadline registered (default)
[   73.882041] io scheduler cfq registered
[   73.882114] pci_hotplug: PCI Hot Plug PCI Core version: 0.5
[   73.882118] pciehp: PCI Express Hot Plug Controller Driver version: 0.4
[   73.882278] ACPI: AC Adapter [AC] (on-line)
[   73.882317] input: Power Button as /devices/LNXSYSTM:00/LNXPWRBN:00/input/input0
[   73.882319] ACPI: Power Button [PWRF]
[   73.882371] input: Sleep Button as /devices/LNXSYSTM:00/LNXSLPBN:00/input/input1
[   73.882372] ACPI: Sleep Button [SLPF]
[   73.882469] GHES: HEST is not enabled!
[   73.882529] Serial: 8250/16550 driver, 32 ports, IRQ sharing enabled
[   75.173446] 00:02: ttyS0 at I/O 0x3f8 (irq = 4, base_baud = 115200) is a 16550A
[   75.532575] Linux agpgart interface v0.103
[   75.815855] loop: module loaded
[   75.816392] scsi host0: ata_piix
[   75.816489] scsi host1: ata_piix
[   75.816549] ata1: PATA max UDMA/33 cmd 0x1f0 ctl 0x3f6 bmdma 0xd000 irq 14
[   75.816550] ata2: PATA max UDMA/33 cmd 0x170 ctl 0x376 bmdma 0xd008 irq 15
[   75.816601] libphy: Fixed MDIO Bus: probed
[   75.816603] tun: Universal TUN/TAP device driver, 1.6
[   75.816603] tun: (C) 1999-2004 Max Krasnyansky <maxk@qualcomm.com>
[   75.816628] PPP generic driver version 2.4.2
[   75.816662] ehci_hcd: USB 2.0 'Enhanced' Host Controller (EHCI) Driver
[   75.816665] ehci-pci: EHCI PCI platform driver
[   75.816671] ehci-platform: EHCI generic platform driver
[   75.816678] ohci_hcd: USB 1.1 'Open' Host Controller (OHCI) Driver
[   75.816680] ohci-pci: OHCI PCI platform driver
[   75.816685] ohci-platform: OHCI generic platform driver
[   75.816691] uhci_hcd: USB Universal Host Controller Interface driver
[   75.816727] i8042: PNP: PS/2 Controller [PNP0303:PS2K,PNP0f03:PS2M] at 0x60,0x64 irq 1,12
[   75.817707] ACPI: Battery Slot [BAT0] (battery present)
[   76.006128] serio: i8042 KBD port at 0x60,0x64 irq 1
[   76.006132] serio: i8042 AUX port at 0x60,0x64 irq 12
[   76.006240] mousedev: PS/2 mouse device common for all mice
[   76.006487] rtc_cmos rtc_cmos: rtc core: registered rtc_cmos as rtc0
[   76.006535] rtc_cmos rtc_cmos: alarms up to one day, 114 bytes nvram
[   76.006539] i2c /dev entries driver
[   76.006578] device-mapper: uevent: version 1.0.3
[   76.006617] device-mapper: ioctl: 4.34.0-ioctl (2015-10-28) initialised: dm-devel@redhat.com
[   76.006635] ledtrig-cpu: registered to indicate activity on CPUs
[   76.006837] NET: Registered protocol family 10
[   76.006938] NET: Registered protocol family 17
[   76.006947] Key type dns_resolver registered
[   76.112473] microcode: CPU0 sig=0x506e3, pf=0x40, revision=0x0
[   76.112946] microcode: CPU1 sig=0x506e3, pf=0x40, revision=0x0
[   76.112978] microcode: Microcode Update Driver: v2.01 <tigran@aivazian.fsnet.co.uk>, Peter Oruba
[   76.113167] registered taskstats version 1
[   76.113195] Loading compiled-in X.509 certificates
[   76.113797] Loaded X.509 cert 'Build time autogenerated kernel key: 779fd75203f0d36b99b83c7328fac831ec7adf9e'
[   76.113812] zswap: loaded using pool lzo/zbud
[   76.114850] Key type trusted registered
[   76.116621] Key type encrypted registered
[   76.116624] AppArmor: AppArmor sha1 policy hashing enabled
[   76.116626] ima: No TPM chip found, activating TPM-bypass!
[   76.116637] evm: HMAC attrs: 0x1
[   76.116879]   Magic number: 1:442:172
[   76.228326] rtc_cmos rtc_cmos: setting system clock to 2017-05-25 09:12:08 UTC (1495703528)
[   76.228506] BIOS EDD facility v0.16 2004-Jun-25, 0 devices found
[   76.228507] EDD information not available.
[   77.000342] input: AT Translated Set 2 keyboard as /devices/platform/i8042/serio0/input/input2
[   86.753476] Freeing unused kernel memory: 1484K (ffffffff81f45000 - ffffffff820b8000)
[   87.011376] Write protecting the kernel read-only data: 14336k
[   87.199838] Freeing unused kernel memory: 1760K (ffff880001848000 - ffff880001a00000)
[   87.396658] Freeing unused kernel memory: 112K (ffff880001de4000 - ffff880001e00000)
Loading, please [   87.631135] random: systemd-udevd: uninitialized urandom read (16 bytes read, 9 bits of entropy available)
wait...
startin[   87.631579] random: udevadm: uninitialized urandom read (16 bytes read, 9 bits of entropy available)
g version 229
[   87.631605] random: udevadm: uninitialized urandom read (16 bytes read, 9 bits of entropy available)
[   87.631701] random: udevadm: uninitialized urandom read (16 bytes read, 9 bits of entropy available)
[   87.631732] random: udevadm: uninitialized urandom read (16 bytes read, 9 bits of entropy available)
[   87.631761] random: udevadm: uninitialized urandom read (16 bytes read, 9 bits of entropy available)
[   87.631790] random: udevadm: uninitialized urandom read (16 bytes read, 9 bits of entropy available)
[   87.631825] random: udevadm: uninitialized urandom read (16 bytes read, 9 bits of entropy available)
[   87.631853] random: udevadm: uninitialized urandom read (16 bytes read, 9 bits of entropy available)
[   87.631881] random: udevadm: uninitialized urandom read (16 bytes read, 9 bits of entropy available)
[   89.511827] e1000: Intel(R) PRO/1000 Network Driver - version 7.3.21-k8-NAPI
[   89.714708] e1000: Copyright (c) 1999-2006 Intel Corporation.
[   89.829473] Fusion MPT base driver 3.04.20
[   89.912692] Copyright (c) 1999-2008 LSI Corporation
[   89.987949] Fusion MPT SPI Host driver 3.04.20
[   90.022613] AVX version of gcm_enc/dec engaged.
[   90.121164] AES CTR mode by8 optimization enabled
[   90.268576] input: ImExPS/2 Generic Explorer Mouse as /devices/platform/i8042/serio1/input/input4
[   90.553839] e1000 0000:00:03.0 eth0: (PCI:33MHz:32-bit) 02:fb:34:e1:96:ef
[   90.791611] e1000 0000:00:03.0 eth0: Intel(R) PRO/1000 Network Connection
[   91.030108] e1000 0000:00:03.0 enp0s3: renamed from eth0
[   91.164942] mptbase: ioc0: Initiating bringup
[   91.309458] ioc0: LSI53C1030 A0: Capabilities={Initiator}
[   91.629954] scsi host2: ioc0: LSI53C1030 A0, FwRev=00000000h, Ports=1, MaxQ=256, IRQ=20
[   91.969376] scsi 2:0:0:0: Direct-Access     VBOX     HARDDISK         1.0  PQ: 0 ANSI: 5
[   92.231493] scsi target2:0:0: Beginning Domain Validation
[   92.363766] scsi target2:0:0: Domain Validation skipping write tests
[   92.530973] scsi target2:0:0: Ending Domain Validation
[   92.566151] scsi target2:0:0: asynchronous
[   92.697135] scsi 2:0:1:0: Direct-Access     VBOX     HARDDISK         1.0  PQ: 0 ANSI: 5
[   92.924598] scsi target2:0:1: Beginning Domain Validation
[   92.924653] floppy0: no floppy controllers found
[   92.924705] work still pending
[   93.308923] scsi target2:0:1: Domain Validation skipping write tests
[   93.399819] scsi target2:0:1: Ending Domain Validation
[   93.545935] scsi target2:0:1: asynchronous
[   93.705159] sd 2:0:0:0: Attached scsi generic sg0 type 0
[   93.705406] sd 2:0:0:0: [sda] 20971520 512-byte logical blocks: (10.7 GB/10.0 GiB)
[   93.705692] sd 2:0:0:0: [sda] Write Protect is off
[   93.705804] sd 2:0:0:0: [sda] Incomplete mode parameter data
[   93.705805] sd 2:0:0:0: [sda] Assuming drive cache: write through
[   94.338927] sd 2:0:1:0: Attached scsi generic sg1 type 0
[   94.339287] sd 2:0:1:0: [sdb] 20480 512-byte logical blocks: (10.5 MB/10.0 MiB)
[   94.339566] sd 2:0:1:0: [sdb] Write Protect is off
[   94.339688] sd 2:0:1:0: [sdb] Incomplete mode parameter data
[   94.339688] sd 2:0:1:0: [sdb] Assuming drive cache: write through
[   94.341265]  sda: sda1
[   94.405249] sd 2:0:0:0: [sda] Attached SCSI disk
[   94.408356] sd 2:0:1:0: [sdb] Attached SCSI disk
Begin: Loading e[   96.551237] md: linear personality registered for level -1
ssential drivers[   96.739771] md: multipath personality registered for level -4
 ... [   96.929635] md: raid0 personality registered for level 0
[   97.130748] md: raid1 personality registered for level 1
[   97.361258] raid6: sse2x1   gen()  8702 MB/s
[   97.537191] raid6: sse2x1   xor()  5529 MB/s
[   97.721276] raid6: sse2x2   gen() 10489 MB/s
[   97.900819] raid6: sse2x2   xor()  6536 MB/s
[   98.088985] raid6: sse2x4   gen() 11817 MB/s
[   98.289146] raid6: sse2x4   xor()  8086 MB/s
[   98.414965] raid6: using algorithm sse2x4 gen() 11817 MB/s
[   98.583482] raid6: .... xor() 8086 MB/s, rmw enabled
[   98.721516] raid6: using ssse3x2 recovery algorithm
[   98.871915] xor: automatically using best checksumming function:
[   99.069160]    avx       : 17281.000 MB/sec
[   99.169406] async_tx: api initialized (async)
[   99.314395] md: raid6 personality registered for level 6
[   99.476683] md: raid5 personality registered for level 5
[   99.652809] md: raid4 personality registered for level 4
[   99.839629] md: raid10 personality registered for level 10
done.
Begin: Running[  100.048455] Btrfs loaded
 /scripts/init-premount ... done.
Begin: Mounting root file system ... Begin: Running /scripts/local-top ... done.
Begin: Running /scripts/loc[  100.176199] EXT4-fs (sda1): mounted filesystem with ordered data mode. Opts: (null)
al-premount ... Scanning for Btrfs filesystems
done.
Warning: fsck not present, so skipping root file system
done.
Begin: Running /scripts/local-bottom ... done.
Begin: Running /scripts/init-bottom ... done.
[  1.586 sted[1]syem 229unin isyemod (AMAUT SELIUXIM+AARR MA +SVITUT +IBCRTSTUP +GRY +UT +L Z Z4SEOM+BIDELFULSKM -N)
[  102.8340] syem1]Dectd rtliti ocl
[  1.459 ste[1 Decd chectu x-6

Welcome to [1mUbuntu 16.04.2 LTS[0m!

[  14.08] std[: t stmeo butuenl>

[  104.886283] random: nonblocking pool is initialized
[  105.129209] systemd[1]: Listening on Journal Socket.
[[0;32m  OK  [0m] Listening on Journal Socket.
[  1.358 ste[1 S up toun Arbray ExutleilFoatFi Ste Aomntoit.
[[0;32m  OK  [0m] Set up automount Arbitrary Executab...ats File System Automount Point.
[  1.794 sysem1]Stte Tgg rolonupdateoretrkDN
[[0;32m  OK  [0m] Started Trigger resolvconf update for networkd DNS.
[ 07657919] std[: Lieng  SloSoet

[[0;32m  OK  [0m] Listening on Syslog Socket.
[  108.285470] systemd[1]: Listening on LVM2 poll daemon socket.
[[0;32m  OK  [0m] Listening on LVM2 poll daemon socket.
[ 08451]ysmd]:isning oud Knel ck.
[[0;32m  OK  [0m] Listening on udev Kernel Socket.
[ 100756syem[1 Ltengn evnitlomtiliy me Pip
[[0;32m  OK  [0m] Listening on /dev/initctl Compatibility Named Pipe.
[ 10777]ysmd]:reedli Ur d ssn ic
[[0;32m  OK  [0m] Created slice User and Session Slice.
[  119681syem1]Rehetaetwa
[[0;32m  OK  [0m] Reached target Swap.
[ 11722] sstem1]Crted icSyemli.
[[0;32m  OK  [0m] Created slice System Slice.
[  112.268998] systemd[1]: Starting Set console keymap...
         Starting Set console keymap...
[  112.509366] systemd[1]: Starting Remount Root and Kernel File Systems...
         [  112.696944] EXT4-fs (sda1): re-mounted. Opts: (null)
Starting Remount Root and Kernel File Systems...
[  112.706830] systemd[1]: Mounting Huge Pages File System...
         Mounting Huge Pages File System...
[  112.793425] systemd[1]: Mounting POSIX Message Queue File System...
         Mounting POSIX Message Queue File System...
[  113.101794] systemd[1]: Mounting Debug File System...
         Mounting Debug File System...
[  113.345723] systemd[1]: Starting Load Kernel Modules...
         [  113.529827] Loading iSCSI transport class v2.0-870.
Starting Load Kernel Modules...[  113.672340] iscsi: registered transport (tcp)

[  113.763775] systemd[1]: Reached target Slices.
[[0;32m  OK  [0m] Reached targe[  113.897505] iscsi: registered transport (iser)
t Slices.
[ 15517]ysmd1]: arting Nameserver information manager...
         Starting Nameserver information manager...
[ 15692]system1]Lieninonoualoct delo.
[[0;32m  OK  [0m] Listening on Journal Socket (/dev/log).
[ 16057]ysmd]:isteni oud Conoloct. [[0;32m  OK  [0m] Listening on udev Control Socket.
[ 117.16] ystemd[1]: Listening on LVM2 metadata daemon socket.
[[0;32m  OK  [0m] Listening on LVM2 metadata daemon socket.
[  1.68384] yste[1 Lteni o Joualud Ske
[[0;32m  OK  [0m] Listening on Journal Audit Socket.
[  118.345702] systemd[1]: Starting Journal Service...
         Starting Journal Service...
[  118.574 sstem[1 Rched tgeUs a GupamLoup
[[0;32m  OK  [0m] Reached target User and Group Name Lookups.
[  119.400990] systemd[1]: Starting Create list of required static device nodes for the current kernel...
         Starting Create list of required st... nodes for the current kernel...
[  119.789] syem1]StteForwd ssrdeqestso llirto Wch.
[[0;32m  OK  [0m] Started Forward Password Requests to Wall Directory Watch.
[  120.833144] systemd[1]: Starting Uncomplicated firewall...
         Starting Uncomplicated firewall...
[  1.018 ste[1 Reach tgeEnypd olum.
[[0;32m  OK  [0m] Reached target Encrypted Volumes.
[ 121.8568 sysmd]:istengn vi-mpper entaen FO
[[0;32m  OK  [0m] Listening on Device-mapper event daemon FIFOs.
[  122.733358] systemd[1]: Starting Monitoring of LVM2 mirrors, snapshots etc. using dmeventd or progress polling...
         Starting Monitoring of LVM2 mirrors... dmeventd or progress polling...
[  1.977 ste[1: Crteslce sysm-ri\xgey.lice

[[0;32m  OK  [0m] Created slice system-serial\x2dgetty.slice.
[  13.8655] ysmd]:ountedOS Msa QueilSyem

[[0;32m  OK  [0m] Mounted POSIX Message Queue File System.
[  1246088 ste[1]: Mnt DbuFi Ste
[[0;32m  OK  [0m] Mounted Debug File System.
[  15.30026]ysmd]:ouedHugePageFileysm.
[[0;32m  OK  [0m] Mounted Huge Pages File System.
[  126013]ysmd]:tated JounaSeic
[[0;32m  OK  [0m] Started Journal Service.
[[0;32m  OK  [0m] Started Set console keymap.
[[0;32m  OK  [0m] Started Remount Root and Kernel File Systems.
[[0;32m  OK  [0m] Started Load Kernel Modules.
[[0;32m  OK  [0m] Started Create list of required sta...ce nodes for the current kernel.
[[0;32m  OK  [0m] Started Uncomplicated firewall.
[[0;32m  OK  [0m] Started Nameserver information manager.
[[0;32m  OK  [0m] Started LVM2 metadata daemon.
         Starting Create Static Device Nodes in /dev...
         Starting Apply Kernel Variables...
         Mounting FUSE Control File System...
         Starting udev Coldplug all Devices...
         Starting Initial cloud-init job (pre-networking)...
         Starting Load/Save Random Seed...
         Starting Flush Journal to Persistent Storage...
[[0;32m  OK  [0m] Mounted FUSE Control File System.
[[0;32m  OK  [0m] Started Monitoring of LVM2 mirrors,...ng dmeventd or progress polling.
[[0;32m  OK  [0m] Started Create Static Device Nodes in /dev.
[[0;32m  OK  [0m] Started Apply Kernel Variables.
[[0;32m  OK  [0m] Started Load/Save Random Seed.
[[0;32m  OK  [0m] Started udev Coldplug all Devices.
[[0;32m  OK  [0m] Started Flush Journal to Persistent Storage.
         Starting udev Kernel Device Manager...
[[0;32m  OK  [0m] Started udev Kernel Device Manager.
[[0;32m  OK  [0m] Started Dispatch Password Requests to Console Directory Watch.
[[0;32m  OK  [0m] Reached target Local File Systems (Pre).
[[0;32m  OK  [0m] Reached target Local File Systems.
         Starting Create Volatile Files and Directories...
         Starting LSB: AppArmor initialization...
         Starting Set console font and keymap...
         Starting Tell Plymouth To Write Out Runtime Data...
[[0;32m  OK  [0m] Started Create Volatile Files and Directories.
[[0;32m  OK  [0m] Started Tell Plymouth To Write Out Runtime Data.
[[0;32m  OK  [0m] Found device /dev/ttyS0.
         Starting Update UTMP about System Boot/Shutdown...
[[0;32m  OK  [0m] Reached target System Time Synchronized.
[[0;32m  OK  [0m] Started LSB: AppArmor initialization.
[[0;32m  OK  [0m] Started Update UTMP about System Boot/Shutdown.
[[0;32m  OK  [0m] Listening on Load/Save RF Kill Switch Status /dev/rfkill Watch.
[   63.072845] cloud-init[453]: Cloud-init v. 0.7.9 running 'init-local' at Thu, 25 May 2017 09:13:00 +0000. Up 62.61 seconds.
[[0;32m  OK  [0m] Started Initial cloud-init job (pre-networking).
[[0;32m  OK  [0m] Reached target Network (Pre).
         Starting Raise network interfaces...
[[0;32m  OK  [0m] Started ifup for enp0s3.
[[0;32m  OK  [0m] Started Set console font and keymap.
[[0;32m  OK  [0m] Found device 82540EM Gigabit Ethern...r (PRO/1000 MT Desktop Adapter).
[[0;32m  OK  [0m] Created slice system-getty.slice.
[[0;32m  OK  [0m] Started Raise network interfaces.
[[0;32m  OK  [0m] Reached target Network.
         Starting Initial cloud-init job (metadata service crawler)...
[   66.279252] cloud-init[970]: Cloud-init v. 0.7.9 running 'init' at Thu, 25 May 2017 09:13:04 +0000. Up 66.05 seconds.
[   66.452411] cloud-init[970]: ci-info: +++++++++++++++++++++++++++++++++++++Net device info++++++++++++++++++++++++++++++++++++++
[[0;32m  OK  [0m] Started Initial cloud-init job (metadata service crawler).
[   66.574593] cloud-init[970]: ci-info: +--------+------+----------------------------+---------------+-------+-------------------+[[0;32m  OK  [0m] Reached target Cloud-config availability.
[[0;32m  OK  [0m] Reached target Network is Online.

[   66.736233] cloud-init[970]: ci-info: | Device |  Up  |          Address           |      Mask     | Scope |     Hw-Address    |
[   66.925168] cloud-init[970]: ci-info: +--------+------+----------------------------+---------------+-------+-------------------+
         [   67.084196] cloud-init[970]: ci-info: |   lo   | True |         127.0.0.1          |   255.0.0.0   |   .   |         .         |
[   67.084259] cloud-init[970]: ci-info: |   lo   | True |          ::1/128           |       .       |  host |         .         |
[   67.084345] cloud-init[970]: ci-info: | enp0s3 | True |         10.0.2.15          | 255.255.255.0 |   .   | 02:fb:34:e1:96:ef |
[   67.084369] cloud-init[970]: ci-info: | enp0s3 | True | fe80::fb:34ff:fee1:96ef/64 |       .       |  link | 02:fb:34:e1:96:ef |
[   67.084394] cloud-init[970]: ci-info: +--------+------+----------------------------+---------------+-------+-------------------+
[   67.084417] cloud-init[970]: ci-info: +++++++++++++++++++++++++++Route IPv4 info++++++++++++++++++++++++++++
[   67.084441] cloud-init[970]: ci-info: +-------+-------------+----------+---------------+-----------+-------+
[   67.084464] cloud-init[970]: ci-info: | Route | Destination | Gateway  |    Genmask    | Interface | Flags |
[   67.084487] cloud-init[970]: ci-info: +-------+-------------+----------+---------------+-----------+-------+
[   67.084511] cloud-init[970]: ci-info: |   0   |   0.0.0.0   | 10.0.2.2 |    0.0.0.0    |   enp0s3  |   UG  |
[   67.084534] cloud-init[970]: ci-info: |   1   |   10.0.2.0  | 0.0.0.0  | 255.255.255.0 |   enp0s3  |   U   |
[   67.084559] cloud-init[970]: ci-info: +-------+-------------+----------+---------------+-----------+-------+
Starting iSCSI initiator daemon (iscsid)...
[[0;32m  OK  [0m] Reached target System Initialization.
[[0;32m  OK  [0m] Started Daily Cleanup of Temporary Directories.
[[0;32m  OK  [0m] Listening on UUID daemon activation socket.
[[0;32m  OK  [0m] Started Daily apt activities.
[[0;32m  OK  [0m] Listening on ACPID Listen Socket.
         Starting LXD - unix socket.
[[0;32m  OK  [0m] Started ACPI Events Check.
[[0;32m  OK  [0m] Reached target Paths.
[[0;32m  OK  [0m] Started Timer to automatically refresh installed snaps.
[[0;32m  OK  [0m] Reached target Timers.
[[0;32m  OK  [0m] Listening on D-Bus System Message Bus Socket.
         Starting Socket activation for snappy daemon.
[[0;32m  OK  [0m] Listening on LXD - unix socket.
[[0;32m  OK  [0m] Listening on Socket activation for snappy daemon.
[[0;32m  OK  [0m] Started iSCSI initiator daemon (iscsid).
         Starting Login to default iSCSI targets...
[[0;32m  OK  [0m] Reached target Sockets.
[[0;32m  OK  [0m] Reached target Basic System.
[[0;32m  OK  [0m] Started ACPI event daemon.
[[0;32m  OK  [0m] Started Deferred execution scheduler.
[[0;32m  OK  [0m] Started Unattended Upgrades Shutdown.
[[0;32m  OK  [0m] Started FUSE filesystem for LXC.
         Starting LSB: MD monitoring daemon...
[[0;32m  OK  [0m] Started D-Bus System Message Bus.
         Starting Login Service...
[[0;32m  OK  [0m] Started Regular background program processing daemon.
         Starting /etc/rc.local Compatibility...
         Starting MySQL Community Server...
         Starting System Logging Service...
         Starting Apply the settings specified in cloud-config...
         Starting Accounts Service...
[[0;32m  OK  [0m] Started Snappy daemon.
         Starting Auto import assertions from block devices...
         Starting LSB: Record successful boot for GRUB...
         Starting OpenBSD Secure Shell server...
         Starting LXD - container startup/shutdown...
[   72.758809] cloud-init[1064]: Cloud-init v. 0.7.9 running 'modules:config' at Thu, 25 May 2017 09:13:10 +0000. Up 72.67 seconds.
[[0;32m  OK  [0m] Started System Logging Service.
[[0;32m  OK  [0m] Started OpenBSD Secure Shell server.
[[0;32m  OK  [0m] Started /etc/rc.local Compatibility.
[[0;32m  OK  [0m] Started Apply the settings specified in cloud-config.
[[0;32m  OK  [0m] Started Auto import assertions from block devices.
[[0;32m  OK  [0m] Started LXD - container startup/shutdown.
[[0;32m  OK  [0m] Started Login to default iSCSI targets.
[[0;32m  OK  [0m] Started LSB: MD monitoring daemon.
[[0;32m  OK  [0m] Started LSB: Record successful boot for GRUB.
[[0;32m  OK  [0m] Started Login Service.
         Starting Authenticate and Authorize Users to Run Privileged Tasks...
[[0;32m  OK  [0m] Reached target Remote File Systems (Pre).
[[0;32m  OK  [0m] Reached target Remote File Systems.
         Starting LSB: automatic crash report generation...
         Starting Permit User Sessions...
         Starting LSB: Set the CPU Frequency Scaling governor to "ondemand"...
         Starting LSB: daemon to balance interrupts for SMP systems...
         Starting LSB: VirtualBox Linux Additions...
[[0;32m  OK  [0m] Started Permit User Sessions.
[[0;32m  OK  [0m] Started Authenticate and Authorize Users to Run Privileged Tasks.
[[0;32m  OK  [0m] Started MySQL Community Server.
[[0;32m  OK  [0m] Started Accounts Service.
[[0;32m  OK  [0m] Started LSB: automatic crash report generation.
[[0;32m  OK  [0m] Started LSB: Set the CPU Frequency Scaling governor to "ondemand".
         Starting Terminate Plymouth Boot Screen...
         Starting Hold until boot process finishes up...
[[0;32m  OK  [0m] Started LSB: daemon to balance interrupts for SMP systems.
[[0;32m  OK  [0m] Started LSB: VirtualBox Linux Additions.
[[0;32m  OK  [0m] Started Terminate Plymouth Boot Screen.
[[0;32m  OK  [0m] Started Hold until boot process finishes up.
[[0;32m  OK  [0m] Started Serial Getty on ttyS0.
         Starting Set console scheme...
[[0;32m  OK  [0m] Started Getty on tty1.
[[0;32m  OK  [0m] Reached target Login Prompts.
[[0;32m  OK  [0m] Reached target Multi-User System.
         Starting Execute cloud user/final scripts...
[[0;32m  OK  [0m] Reached target Graphical Interface.
         Starting Update UTMP about System Runlevel Changes...
[[0;32m  OK  [0m] Started Set console scheme.
[[0;32m  OK  [0m] Started Update UTMP about System Runlevel Changes.
[   75.963180] cloud-init[1242]: Cloud-init v. 0.7.9 running 'modules:final' at Thu, 25 May 2017 09:13:13 +0000. Up 75.87 seconds.
[[0;32m  OK  [0m] Started Execute cloud user/final scripts.
[   76.127417] cloud-init[1242]: Cloud-init v. 0.7.9 finished at Thu, 25 May 2017 09:13:13 +0000. Datasource DataSourceNoCloud [seed=/dev/sdb][dsmode=net].  Up 75.95 seconds
[[0;32m  OK  [0m] Reached target Cloud-init target.

Ubuntu 16.04.2 LTS ubuntu-xenial ttyS0

ubuntu-xenial login: 